六月 14, 2019 3:59:06 下午 org.apache.catalina.startup.VersionLoggerListener log
信息: Server version:        Apache Tomcat/7.0.73
六月 14, 2019 3:59:06 下午 org.apache.catalina.startup.VersionLoggerListener log
信息: Server built:          Nov 7 2016 21:27:23 UTC
六月 14, 2019 3:59:06 下午 org.apache.catalina.startup.VersionLoggerListener log
信息: Server number:         7.0.73.0
六月 14, 2019 3:59:06 下午 org.apache.catalina.startup.VersionLoggerListener log
信息: OS Name:               Windows 7
六月 14, 2019 3:59:06 下午 org.apache.catalina.startup.VersionLoggerListener log
信息: OS Version:            6.1
六月 14, 2019 3:59:06 下午 org.apache.catalina.startup.VersionLoggerListener log
信息: Architecture:          amd64
六月 14, 2019 3:59:06 下午 org.apache.catalina.startup.VersionLoggerListener log
信息: Java Home:             C:\Program Files\Java\jdk1.8.0_91\jre
六月 14, 2019 3:59:06 下午 org.apache.catalina.startup.VersionLoggerListener log
信息: JVM Version:           1.8.0_91-b15
六月 14, 2019 3:59:06 下午 org.apache.catalina.startup.VersionLoggerListener log
信息: JVM Vendor:            Oracle Corporation
六月 14, 2019 3:59:06 下午 org.apache.catalina.startup.VersionLoggerListener log
信息: CATALINA_BASE:         D:\class05\GongJu\tomcat-dubbo
六月 14, 2019 3:59:06 下午 org.apache.catalina.startup.VersionLoggerListener log
信息: CATALINA_HOME:         D:\class05\GongJu\tomcat-dubbo
六月 14, 2019 3:59:06 下午 org.apache.catalina.startup.VersionLoggerListener log
信息: Command line argument: -Djdk.tls.ephemeralDHKeySize=2048
六月 14, 2019 3:59:06 下午 org.apache.catalina.startup.VersionLoggerListener log
信息: Command line argument: -Djava.util.logging.config.file=D:\class05\GongJu\tomcat-dubbo\conf\logging.properties
六月 14, 2019 3:59:06 下午 org.apache.catalina.startup.VersionLoggerListener log
信息: Command line argument: -Djava.util.logging.manager=org.apache.juli.ClassLoaderLogManager
六月 14, 2019 3:59:06 下午 org.apache.catalina.startup.VersionLoggerListener log
信息: Command line argument: -Djava.endorsed.dirs=D:\class05\GongJu\tomcat-dubbo\endorsed
六月 14, 2019 3:59:06 下午 org.apache.catalina.startup.VersionLoggerListener log
信息: Command line argument: -Dcatalina.base=D:\class05\GongJu\tomcat-dubbo
六月 14, 2019 3:59:06 下午 org.apache.catalina.startup.VersionLoggerListener log
信息: Command line argument: -Dcatalina.home=D:\class05\GongJu\tomcat-dubbo
六月 14, 2019 3:59:06 下午 org.apache.catalina.startup.VersionLoggerListener log
信息: Command line argument: -Djava.io.tmpdir=D:\class05\GongJu\tomcat-dubbo\temp
六月 14, 2019 3:59:06 下午 org.apache.catalina.core.AprLifecycleListener lifecycleEvent
信息: The APR based Apache Tomcat Native library which allows optimal performance in production environments was not found on the java.library.path: C:\Program Files\Java\jdk1.8.0_91\bin;C:\Windows\Sun\Java\bin;C:\Windows\system32;C:\Windows;C:\Program Files\Java\jdk1.8.0_91\bin;C:\Windows\system32;C:\Windows;C:\Windows\System32\Wbem;C:\Windows\System32\WindowsPowerShell\v1.0\;C:\Program Files\MySQL\MySQL Server 5.5\bin;C:\Program Files (x86)\NVIDIA Corporation\PhysX\Common;C:\Program Files (x86)\QT Lite\QTSystem;D:\DriverGenius;D:\DriverGenius\ksoft;.
六月 14, 2019 3:59:07 下午 org.apache.coyote.AbstractProtocol init
信息: Initializing ProtocolHandler ["http-bio-8090"]
六月 14, 2019 3:59:07 下午 org.apache.coyote.AbstractProtocol init
信息: Initializing ProtocolHandler ["ajp-bio-8009"]
六月 14, 2019 3:59:07 下午 org.apache.catalina.startup.Catalina load
信息: Initialization processed in 4662 ms
六月 14, 2019 3:59:07 下午 org.apache.catalina.core.StandardService startInternal
信息: Starting service Catalina
六月 14, 2019 3:59:07 下午 org.apache.catalina.core.StandardEngine startInternal
信息: Starting Servlet Engine: Apache Tomcat/7.0.73
六月 14, 2019 3:59:07 下午 org.apache.catalina.startup.HostConfig deployDirectory
信息: Deploying web application directory D:\class05\GongJu\tomcat-dubbo\webapps\docs
六月 14, 2019 3:59:08 下午 org.apache.catalina.util.SessionIdGeneratorBase createSecureRandom
信息: Creation of SecureRandom instance for session ID generation using [SHA1PRNG] took [154] milliseconds.
六月 14, 2019 3:59:08 下午 org.apache.catalina.startup.HostConfig deployDirectory
信息: Deployment of web application directory D:\class05\GongJu\tomcat-dubbo\webapps\docs has finished in 1,162 ms
六月 14, 2019 3:59:08 下午 org.apache.catalina.startup.HostConfig deployDirectory
信息: Deploying web application directory D:\class05\GongJu\tomcat-dubbo\webapps\examples
六月 14, 2019 3:59:09 下午 org.apache.catalina.startup.HostConfig deployDirectory
信息: Deployment of web application directory D:\class05\GongJu\tomcat-dubbo\webapps\examples has finished in 759 ms
六月 14, 2019 3:59:09 下午 org.apache.catalina.startup.HostConfig deployDirectory
信息: Deploying web application directory D:\class05\GongJu\tomcat-dubbo\webapps\host-manager
六月 14, 2019 3:59:09 下午 org.apache.catalina.startup.HostConfig deployDirectory
信息: Deployment of web application directory D:\class05\GongJu\tomcat-dubbo\webapps\host-manager has finished in 101 ms
六月 14, 2019 3:59:09 下午 org.apache.catalina.startup.HostConfig deployDirectory
信息: Deploying web application directory D:\class05\GongJu\tomcat-dubbo\webapps\manager
六月 14, 2019 3:59:09 下午 org.apache.catalina.startup.HostConfig deployDirectory
信息: Deployment of web application directory D:\class05\GongJu\tomcat-dubbo\webapps\manager has finished in 73 ms
六月 14, 2019 3:59:09 下午 org.apache.catalina.startup.HostConfig deployDirectory
信息: Deploying web application directory D:\class05\GongJu\tomcat-dubbo\webapps\ROOT
六月 14, 2019 3:59:16 下午 org.apache.catalina.startup.TldConfig execute
信息: At least one JAR was scanned for TLDs yet contained no TLDs. Enable debug logging for this logger for a complete list of JARs that were scanned but no TLDs were found in them. Skipping unneeded JARs during scanning can improve startup time and JSP compilation time.
六月 14, 2019 3:59:58 下午 org.apache.catalina.core.StandardContext startInternal
严重: One or more listeners failed to start. Full details will be found in the appropriate container log file
六月 14, 2019 3:59:58 下午 org.apache.catalina.core.StandardContext startInternal
严重: Context [] startup failed due to previous errors
六月 14, 2019 3:59:58 下午 org.apache.catalina.loader.WebappClassLoaderBase clearReferencesThreads
严重: The web application [] appears to have started a thread named [DubboRegistryFailedRetryTimer-thread-1] but has failed to stop it. This is very likely to create a memory leak.
六月 14, 2019 3:59:58 下午 org.apache.catalina.startup.HostConfig deployDirectory
信息: Deployment of web application directory D:\class05\GongJu\tomcat-dubbo\webapps\ROOT has finished in 48,872 ms
六月 14, 2019 3:59:58 下午 org.apache.coyote.AbstractProtocol start
信息: Starting ProtocolHandler ["http-bio-8090"]
六月 14, 2019 3:59:58 下午 org.apache.coyote.AbstractProtocol start
信息: Starting ProtocolHandler ["ajp-bio-8009"]
六月 14, 2019 3:59:58 下午 org.apache.catalina.startup.Catalina start
信息: Server startup in 51150 ms
六月 14, 2019 4:04:08 下午 org.apache.catalina.startup.Catalina stopServer
严重: Could not contact localhost:8005. Tomcat may not be running.
六月 14, 2019 4:04:08 下午 org.apache.catalina.startup.Catalina stopServer
严重: Catalina.stop: 
java.net.ConnectException: Connection refused: connect
	at java.net.DualStackPlainSocketImpl.connect0(Native Method)
	at java.net.DualStackPlainSocketImpl.socketConnect(DualStackPlainSocketImpl.java:79)
	at java.net.AbstractPlainSocketImpl.doConnect(AbstractPlainSocketImpl.java:350)
	at java.net.AbstractPlainSocketImpl.connectToAddress(AbstractPlainSocketImpl.java:206)
	at java.net.AbstractPlainSocketImpl.connect(AbstractPlainSocketImpl.java:188)
	at java.net.PlainSocketImpl.connect(PlainSocketImpl.java:172)
	at java.net.SocksSocketImpl.connect(SocksSocketImpl.java:392)
	at java.net.Socket.connect(Socket.java:589)
	at java.net.Socket.connect(Socket.java:538)
	at java.net.Socket.<init>(Socket.java:434)
	at java.net.Socket.<init>(Socket.java:211)
	at org.apache.catalina.startup.Catalina.stopServer(Catalina.java:498)
	at sun.reflect.NativeMethodAccessorImpl.invoke0(Native Method)
	at sun.reflect.NativeMethodAccessorImpl.invoke(NativeMethodAccessorImpl.java:62)
	at sun.reflect.DelegatingMethodAccessorImpl.invoke(DelegatingMethodAccessorImpl.java:43)
	at java.lang.reflect.Method.invoke(Method.java:498)
	at org.apache.catalina.startup.Bootstrap.stopServer(Bootstrap.java:343)
	at org.apache.catalina.startup.Bootstrap.main(Bootstrap.java:430)

六月 14, 2019 4:04:12 下午 org.apache.catalina.startup.VersionLoggerListener log
信息: Server version:        Apache Tomcat/7.0.73
六月 14, 2019 4:04:12 下午 org.apache.catalina.startup.VersionLoggerListener log
信息: Server built:          Nov 7 2016 21:27:23 UTC
六月 14, 2019 4:04:12 下午 org.apache.catalina.startup.VersionLoggerListener log
信息: Server number:         7.0.73.0
六月 14, 2019 4:04:12 下午 org.apache.catalina.startup.VersionLoggerListener log
信息: OS Name:               Windows 7
六月 14, 2019 4:04:12 下午 org.apache.catalina.startup.VersionLoggerListener log
信息: OS Version:            6.1
六月 14, 2019 4:04:12 下午 org.apache.catalina.startup.VersionLoggerListener log
信息: Architecture:          amd64
六月 14, 2019 4:04:12 下午 org.apache.catalina.startup.VersionLoggerListener log
信息: Java Home:             C:\Program Files\Java\jdk1.8.0_91\jre
六月 14, 2019 4:04:12 下午 org.apache.catalina.startup.VersionLoggerListener log
信息: JVM Version:           1.8.0_91-b15
六月 14, 2019 4:04:12 下午 org.apache.catalina.startup.VersionLoggerListener log
信息: JVM Vendor:            Oracle Corporation
六月 14, 2019 4:04:12 下午 org.apache.catalina.startup.VersionLoggerListener log
信息: CATALINA_BASE:         D:\class05\GongJu\tomcat-dubbo
六月 14, 2019 4:04:12 下午 org.apache.catalina.startup.VersionLoggerListener log
信息: CATALINA_HOME:         D:\class05\GongJu\tomcat-dubbo
六月 14, 2019 4:04:12 下午 org.apache.catalina.startup.VersionLoggerListener log
信息: Command line argument: -Djdk.tls.ephemeralDHKeySize=2048
六月 14, 2019 4:04:12 下午 org.apache.catalina.startup.VersionLoggerListener log
信息: Command line argument: -Djava.util.logging.config.file=D:\class05\GongJu\tomcat-dubbo\conf\logging.properties
六月 14, 2019 4:04:12 下午 org.apache.catalina.startup.VersionLoggerListener log
信息: Command line argument: -Djava.util.logging.manager=org.apache.juli.ClassLoaderLogManager
六月 14, 2019 4:04:12 下午 org.apache.catalina.startup.VersionLoggerListener log
信息: Command line argument: -Djava.endorsed.dirs=D:\class05\GongJu\tomcat-dubbo\endorsed
六月 14, 2019 4:04:12 下午 org.apache.catalina.startup.VersionLoggerListener log
信息: Command line argument: -Dcatalina.base=D:\class05\GongJu\tomcat-dubbo
六月 14, 2019 4:04:12 下午 org.apache.catalina.startup.VersionLoggerListener log
信息: Command line argument: -Dcatalina.home=D:\class05\GongJu\tomcat-dubbo
六月 14, 2019 4:04:12 下午 org.apache.catalina.startup.VersionLoggerListener log
信息: Command line argument: -Djava.io.tmpdir=D:\class05\GongJu\tomcat-dubbo\temp
六月 14, 2019 4:04:12 下午 org.apache.catalina.core.AprLifecycleListener lifecycleEvent
信息: The APR based Apache Tomcat Native library which allows optimal performance in production environments was not found on the java.library.path: C:\Program Files\Java\jdk1.8.0_91\bin;C:\Windows\Sun\Java\bin;C:\Windows\system32;C:\Windows;C:\Program Files\Java\jdk1.8.0_91\bin;C:\Windows\system32;C:\Windows;C:\Windows\System32\Wbem;C:\Windows\System32\WindowsPowerShell\v1.0\;C:\Program Files\MySQL\MySQL Server 5.5\bin;C:\Program Files (x86)\NVIDIA Corporation\PhysX\Common;C:\Program Files (x86)\QT Lite\QTSystem;D:\DriverGenius;D:\DriverGenius\ksoft;.
六月 14, 2019 4:04:12 下午 org.apache.coyote.AbstractProtocol init
信息: Initializing ProtocolHandler ["http-bio-8090"]
六月 14, 2019 4:04:12 下午 org.apache.coyote.AbstractProtocol init
信息: Initializing ProtocolHandler ["ajp-bio-8009"]
六月 14, 2019 4:04:12 下午 org.apache.catalina.startup.Catalina load
信息: Initialization processed in 659 ms
六月 14, 2019 4:04:12 下午 org.apache.catalina.core.StandardService startInternal
信息: Starting service Catalina
六月 14, 2019 4:04:12 下午 org.apache.catalina.core.StandardEngine startInternal
信息: Starting Servlet Engine: Apache Tomcat/7.0.73
六月 14, 2019 4:04:12 下午 org.apache.catalina.startup.HostConfig deployDirectory
信息: Deploying web application directory D:\class05\GongJu\tomcat-dubbo\webapps\docs
六月 14, 2019 4:04:12 下午 org.apache.catalina.startup.HostConfig deployDirectory
信息: Deployment of web application directory D:\class05\GongJu\tomcat-dubbo\webapps\docs has finished in 462 ms
六月 14, 2019 4:04:12 下午 org.apache.catalina.startup.HostConfig deployDirectory
信息: Deploying web application directory D:\class05\GongJu\tomcat-dubbo\webapps\examples
六月 14, 2019 4:04:13 下午 org.apache.catalina.startup.HostConfig deployDirectory
信息: Deployment of web application directory D:\class05\GongJu\tomcat-dubbo\webapps\examples has finished in 490 ms
六月 14, 2019 4:04:13 下午 org.apache.catalina.startup.HostConfig deployDirectory
信息: Deploying web application directory D:\class05\GongJu\tomcat-dubbo\webapps\host-manager
六月 14, 2019 4:04:13 下午 org.apache.catalina.startup.HostConfig deployDirectory
信息: Deployment of web application directory D:\class05\GongJu\tomcat-dubbo\webapps\host-manager has finished in 73 ms
六月 14, 2019 4:04:13 下午 org.apache.catalina.startup.HostConfig deployDirectory
信息: Deploying web application directory D:\class05\GongJu\tomcat-dubbo\webapps\manager
六月 14, 2019 4:04:13 下午 org.apache.catalina.startup.HostConfig deployDirectory
信息: Deployment of web application directory D:\class05\GongJu\tomcat-dubbo\webapps\manager has finished in 75 ms
六月 14, 2019 4:04:13 下午 org.apache.catalina.startup.HostConfig deployDirectory
信息: Deploying web application directory D:\class05\GongJu\tomcat-dubbo\webapps\ROOT
六月 14, 2019 4:04:18 下午 org.apache.catalina.startup.TldConfig execute
信息: At least one JAR was scanned for TLDs yet contained no TLDs. Enable debug logging for this logger for a complete list of JARs that were scanned but no TLDs were found in them. Skipping unneeded JARs during scanning can improve startup time and JSP compilation time.
六月 14, 2019 4:05:00 下午 org.apache.catalina.core.StandardContext startInternal
严重: One or more listeners failed to start. Full details will be found in the appropriate container log file
六月 14, 2019 4:05:00 下午 org.apache.catalina.core.StandardContext startInternal
严重: Context [] startup failed due to previous errors
六月 14, 2019 4:05:00 下午 org.apache.catalina.loader.WebappClassLoaderBase clearReferencesThreads
严重: The web application [] appears to have started a thread named [DubboRegistryFailedRetryTimer-thread-1] but has failed to stop it. This is very likely to create a memory leak.
六月 14, 2019 4:05:00 下午 org.apache.catalina.startup.HostConfig deployDirectory
信息: Deployment of web application directory D:\class05\GongJu\tomcat-dubbo\webapps\ROOT has finished in 46,646 ms
六月 14, 2019 4:05:00 下午 org.apache.coyote.AbstractProtocol start
信息: Starting ProtocolHandler ["http-bio-8090"]
六月 14, 2019 4:05:00 下午 org.apache.coyote.AbstractProtocol start
信息: Starting ProtocolHandler ["ajp-bio-8009"]
六月 14, 2019 4:05:00 下午 org.apache.catalina.startup.Catalina start
信息: Server startup in 47835 ms
六月 14, 2019 4:10:14 下午 org.apache.catalina.startup.Catalina stopServer
严重: Could not contact localhost:8005. Tomcat may not be running.
六月 14, 2019 4:10:14 下午 org.apache.catalina.startup.Catalina stopServer
严重: Catalina.stop: 
java.net.ConnectException: Connection refused: connect
	at java.net.DualStackPlainSocketImpl.connect0(Native Method)
	at java.net.DualStackPlainSocketImpl.socketConnect(DualStackPlainSocketImpl.java:79)
	at java.net.AbstractPlainSocketImpl.doConnect(AbstractPlainSocketImpl.java:350)
	at java.net.AbstractPlainSocketImpl.connectToAddress(AbstractPlainSocketImpl.java:206)
	at java.net.AbstractPlainSocketImpl.connect(AbstractPlainSocketImpl.java:188)
	at java.net.PlainSocketImpl.connect(PlainSocketImpl.java:172)
	at java.net.SocksSocketImpl.connect(SocksSocketImpl.java:392)
	at java.net.Socket.connect(Socket.java:589)
	at java.net.Socket.connect(Socket.java:538)
	at java.net.Socket.<init>(Socket.java:434)
	at java.net.Socket.<init>(Socket.java:211)
	at org.apache.catalina.startup.Catalina.stopServer(Catalina.java:498)
	at sun.reflect.NativeMethodAccessorImpl.invoke0(Native Method)
	at sun.reflect.NativeMethodAccessorImpl.invoke(NativeMethodAccessorImpl.java:62)
	at sun.reflect.DelegatingMethodAccessorImpl.invoke(DelegatingMethodAccessorImpl.java:43)
	at java.lang.reflect.Method.invoke(Method.java:498)
	at org.apache.catalina.startup.Bootstrap.stopServer(Bootstrap.java:343)
	at org.apache.catalina.startup.Bootstrap.main(Bootstrap.java:430)

六月 14, 2019 4:12:03 下午 org.apache.catalina.startup.VersionLoggerListener log
信息: Server version:        Apache Tomcat/7.0.73
六月 14, 2019 4:12:03 下午 org.apache.catalina.startup.VersionLoggerListener log
信息: Server built:          Nov 7 2016 21:27:23 UTC
六月 14, 2019 4:12:03 下午 org.apache.catalina.startup.VersionLoggerListener log
信息: Server number:         7.0.73.0
六月 14, 2019 4:12:03 下午 org.apache.catalina.startup.VersionLoggerListener log
信息: OS Name:               Windows 7
六月 14, 2019 4:12:03 下午 org.apache.catalina.startup.VersionLoggerListener log
信息: OS Version:            6.1
六月 14, 2019 4:12:03 下午 org.apache.catalina.startup.VersionLoggerListener log
信息: Architecture:          amd64
六月 14, 2019 4:12:03 下午 org.apache.catalina.startup.VersionLoggerListener log
信息: Java Home:             C:\Program Files\Java\jdk1.8.0_91\jre
六月 14, 2019 4:12:03 下午 org.apache.catalina.startup.VersionLoggerListener log
信息: JVM Version:           1.8.0_91-b15
六月 14, 2019 4:12:03 下午 org.apache.catalina.startup.VersionLoggerListener log
信息: JVM Vendor:            Oracle Corporation
六月 14, 2019 4:12:03 下午 org.apache.catalina.startup.VersionLoggerListener log
信息: CATALINA_BASE:         D:\class05\GongJu\tomcat-dubbo
六月 14, 2019 4:12:03 下午 org.apache.catalina.startup.VersionLoggerListener log
信息: CATALINA_HOME:         D:\class05\GongJu\tomcat-dubbo
六月 14, 2019 4:12:03 下午 org.apache.catalina.startup.VersionLoggerListener log
信息: Command line argument: -Djdk.tls.ephemeralDHKeySize=2048
六月 14, 2019 4:12:03 下午 org.apache.catalina.startup.VersionLoggerListener log
信息: Command line argument: -Djava.util.logging.config.file=D:\class05\GongJu\tomcat-dubbo\conf\logging.properties
六月 14, 2019 4:12:03 下午 org.apache.catalina.startup.VersionLoggerListener log
信息: Command line argument: -Djava.util.logging.manager=org.apache.juli.ClassLoaderLogManager
六月 14, 2019 4:12:03 下午 org.apache.catalina.startup.VersionLoggerListener log
信息: Command line argument: -Djava.endorsed.dirs=D:\class05\GongJu\tomcat-dubbo\endorsed
六月 14, 2019 4:12:03 下午 org.apache.catalina.startup.VersionLoggerListener log
信息: Command line argument: -Dcatalina.base=D:\class05\GongJu\tomcat-dubbo
六月 14, 2019 4:12:03 下午 org.apache.catalina.startup.VersionLoggerListener log
信息: Command line argument: -Dcatalina.home=D:\class05\GongJu\tomcat-dubbo
六月 14, 2019 4:12:03 下午 org.apache.catalina.startup.VersionLoggerListener log
信息: Command line argument: -Djava.io.tmpdir=D:\class05\GongJu\tomcat-dubbo\temp
六月 14, 2019 4:12:03 下午 org.apache.catalina.core.AprLifecycleListener lifecycleEvent
信息: The APR based Apache Tomcat Native library which allows optimal performance in production environments was not found on the java.library.path: C:\Program Files\Java\jdk1.8.0_91\bin;C:\Windows\Sun\Java\bin;C:\Windows\system32;C:\Windows;C:\Program Files\Java\jdk1.8.0_91\bin;C:\Windows\system32;C:\Windows;C:\Windows\System32\Wbem;C:\Windows\System32\WindowsPowerShell\v1.0\;C:\Program Files\MySQL\MySQL Server 5.5\bin;C:\Program Files (x86)\NVIDIA Corporation\PhysX\Common;C:\Program Files (x86)\QT Lite\QTSystem;D:\DriverGenius;D:\DriverGenius\ksoft;.
六月 14, 2019 4:12:03 下午 org.apache.coyote.AbstractProtocol init
信息: Initializing ProtocolHandler ["http-bio-8090"]
六月 14, 2019 4:12:03 下午 org.apache.coyote.AbstractProtocol init
信息: Initializing ProtocolHandler ["ajp-bio-8009"]
六月 14, 2019 4:12:03 下午 org.apache.catalina.startup.Catalina load
信息: Initialization processed in 656 ms
六月 14, 2019 4:12:03 下午 org.apache.catalina.core.StandardService startInternal
信息: Starting service Catalina
六月 14, 2019 4:12:03 下午 org.apache.catalina.core.StandardEngine startInternal
信息: Starting Servlet Engine: Apache Tomcat/7.0.73
六月 14, 2019 4:12:03 下午 org.apache.catalina.startup.HostConfig deployDirectory
信息: Deploying web application directory D:\class05\GongJu\tomcat-dubbo\webapps\docs
六月 14, 2019 4:12:04 下午 org.apache.catalina.startup.HostConfig deployDirectory
信息: Deployment of web application directory D:\class05\GongJu\tomcat-dubbo\webapps\docs has finished in 398 ms
六月 14, 2019 4:12:04 下午 org.apache.catalina.startup.HostConfig deployDirectory
信息: Deploying web application directory D:\class05\GongJu\tomcat-dubbo\webapps\examples
六月 14, 2019 4:12:04 下午 org.apache.catalina.startup.HostConfig deployDirectory
信息: Deployment of web application directory D:\class05\GongJu\tomcat-dubbo\webapps\examples has finished in 283 ms
六月 14, 2019 4:12:04 下午 org.apache.catalina.startup.HostConfig deployDirectory
信息: Deploying web application directory D:\class05\GongJu\tomcat-dubbo\webapps\host-manager
六月 14, 2019 4:12:04 下午 org.apache.catalina.startup.HostConfig deployDirectory
信息: Deployment of web application directory D:\class05\GongJu\tomcat-dubbo\webapps\host-manager has finished in 65 ms
六月 14, 2019 4:12:04 下午 org.apache.catalina.startup.HostConfig deployDirectory
信息: Deploying web application directory D:\class05\GongJu\tomcat-dubbo\webapps\manager
六月 14, 2019 4:12:04 下午 org.apache.catalina.startup.HostConfig deployDirectory
信息: Deployment of web application directory D:\class05\GongJu\tomcat-dubbo\webapps\manager has finished in 65 ms
六月 14, 2019 4:12:04 下午 org.apache.catalina.startup.HostConfig deployDirectory
信息: Deploying web application directory D:\class05\GongJu\tomcat-dubbo\webapps\ROOT
六月 14, 2019 4:12:07 下午 org.apache.catalina.startup.TldConfig execute
信息: At least one JAR was scanned for TLDs yet contained no TLDs. Enable debug logging for this logger for a complete list of JARs that were scanned but no TLDs were found in them. Skipping unneeded JARs during scanning can improve startup time and JSP compilation time.
六月 14, 2019 4:12:47 下午 org.apache.catalina.core.StandardContext startInternal
严重: One or more listeners failed to start. Full details will be found in the appropriate container log file
六月 14, 2019 4:12:47 下午 org.apache.catalina.core.StandardContext startInternal
严重: Context [] startup failed due to previous errors
六月 14, 2019 4:12:47 下午 org.apache.catalina.loader.WebappClassLoaderBase clearReferencesThreads
严重: The web application [] appears to have started a thread named [DubboRegistryFailedRetryTimer-thread-1] but has failed to stop it. This is very likely to create a memory leak.
六月 14, 2019 4:12:47 下午 org.apache.catalina.startup.HostConfig deployDirectory
信息: Deployment of web application directory D:\class05\GongJu\tomcat-dubbo\webapps\ROOT has finished in 42,835 ms
六月 14, 2019 4:12:47 下午 org.apache.coyote.AbstractProtocol start
信息: Starting ProtocolHandler ["http-bio-8090"]
六月 14, 2019 4:12:47 下午 org.apache.coyote.AbstractProtocol start
信息: Starting ProtocolHandler ["ajp-bio-8009"]
六月 14, 2019 4:12:47 下午 org.apache.catalina.startup.Catalina start
信息: Server startup in 43720 ms
六月 14, 2019 4:24:15 下午 org.apache.catalina.startup.Catalina stopServer
严重: Could not contact localhost:8005. Tomcat may not be running.
六月 14, 2019 4:24:15 下午 org.apache.catalina.startup.Catalina stopServer
严重: Catalina.stop: 
java.net.ConnectException: Connection refused: connect
	at java.net.DualStackPlainSocketImpl.connect0(Native Method)
	at java.net.DualStackPlainSocketImpl.socketConnect(DualStackPlainSocketImpl.java:79)
	at java.net.AbstractPlainSocketImpl.doConnect(AbstractPlainSocketImpl.java:350)
	at java.net.AbstractPlainSocketImpl.connectToAddress(AbstractPlainSocketImpl.java:206)
	at java.net.AbstractPlainSocketImpl.connect(AbstractPlainSocketImpl.java:188)
	at java.net.PlainSocketImpl.connect(PlainSocketImpl.java:172)
	at java.net.SocksSocketImpl.connect(SocksSocketImpl.java:392)
	at java.net.Socket.connect(Socket.java:589)
	at java.net.Socket.connect(Socket.java:538)
	at java.net.Socket.<init>(Socket.java:434)
	at java.net.Socket.<init>(Socket.java:211)
	at org.apache.catalina.startup.Catalina.stopServer(Catalina.java:498)
	at sun.reflect.NativeMethodAccessorImpl.invoke0(Native Method)
	at sun.reflect.NativeMethodAccessorImpl.invoke(NativeMethodAccessorImpl.java:62)
	at sun.reflect.DelegatingMethodAccessorImpl.invoke(DelegatingMethodAccessorImpl.java:43)
	at java.lang.reflect.Method.invoke(Method.java:498)
	at org.apache.catalina.startup.Bootstrap.stopServer(Bootstrap.java:343)
	at org.apache.catalina.startup.Bootstrap.main(Bootstrap.java:430)

六月 14, 2019 4:24:20 下午 org.apache.catalina.startup.VersionLoggerListener log
信息: Server version:        Apache Tomcat/7.0.73
六月 14, 2019 4:24:20 下午 org.apache.catalina.startup.VersionLoggerListener log
信息: Server built:          Nov 7 2016 21:27:23 UTC
六月 14, 2019 4:24:20 下午 org.apache.catalina.startup.VersionLoggerListener log
信息: Server number:         7.0.73.0
六月 14, 2019 4:24:20 下午 org.apache.catalina.startup.VersionLoggerListener log
信息: OS Name:               Windows 7
六月 14, 2019 4:24:20 下午 org.apache.catalina.startup.VersionLoggerListener log
信息: OS Version:            6.1
六月 14, 2019 4:24:20 下午 org.apache.catalina.startup.VersionLoggerListener log
信息: Architecture:          amd64
六月 14, 2019 4:24:20 下午 org.apache.catalina.startup.VersionLoggerListener log
信息: Java Home:             C:\Program Files\Java\jdk1.8.0_91\jre
六月 14, 2019 4:24:20 下午 org.apache.catalina.startup.VersionLoggerListener log
信息: JVM Version:           1.8.0_91-b15
六月 14, 2019 4:24:20 下午 org.apache.catalina.startup.VersionLoggerListener log
信息: JVM Vendor:            Oracle Corporation
六月 14, 2019 4:24:20 下午 org.apache.catalina.startup.VersionLoggerListener log
信息: CATALINA_BASE:         D:\class05\GongJu\tomcat-dubbo
六月 14, 2019 4:24:20 下午 org.apache.catalina.startup.VersionLoggerListener log
信息: CATALINA_HOME:         D:\class05\GongJu\tomcat-dubbo
六月 14, 2019 4:24:20 下午 org.apache.catalina.startup.VersionLoggerListener log
信息: Command line argument: -Djdk.tls.ephemeralDHKeySize=2048
六月 14, 2019 4:24:20 下午 org.apache.catalina.startup.VersionLoggerListener log
信息: Command line argument: -Djava.util.logging.config.file=D:\class05\GongJu\tomcat-dubbo\conf\logging.properties
六月 14, 2019 4:24:20 下午 org.apache.catalina.startup.VersionLoggerListener log
信息: Command line argument: -Djava.util.logging.manager=org.apache.juli.ClassLoaderLogManager
六月 14, 2019 4:24:20 下午 org.apache.catalina.startup.VersionLoggerListener log
信息: Command line argument: -Djava.endorsed.dirs=D:\class05\GongJu\tomcat-dubbo\endorsed
六月 14, 2019 4:24:20 下午 org.apache.catalina.startup.VersionLoggerListener log
信息: Command line argument: -Dcatalina.base=D:\class05\GongJu\tomcat-dubbo
六月 14, 2019 4:24:20 下午 org.apache.catalina.startup.VersionLoggerListener log
信息: Command line argument: -Dcatalina.home=D:\class05\GongJu\tomcat-dubbo
六月 14, 2019 4:24:20 下午 org.apache.catalina.startup.VersionLoggerListener log
信息: Command line argument: -Djava.io.tmpdir=D:\class05\GongJu\tomcat-dubbo\temp
六月 14, 2019 4:24:20 下午 org.apache.catalina.core.AprLifecycleListener lifecycleEvent
信息: The APR based Apache Tomcat Native library which allows optimal performance in production environments was not found on the java.library.path: C:\Program Files\Java\jdk1.8.0_91\bin;C:\Windows\Sun\Java\bin;C:\Windows\system32;C:\Windows;C:\Program Files\Java\jdk1.8.0_91\bin;C:\Windows\system32;C:\Windows;C:\Windows\System32\Wbem;C:\Windows\System32\WindowsPowerShell\v1.0\;C:\Program Files\MySQL\MySQL Server 5.5\bin;C:\Program Files (x86)\NVIDIA Corporation\PhysX\Common;C:\Program Files (x86)\QT Lite\QTSystem;D:\DriverGenius;D:\DriverGenius\ksoft;.
六月 14, 2019 4:24:20 下午 org.apache.coyote.AbstractProtocol init
信息: Initializing ProtocolHandler ["http-bio-8090"]
六月 14, 2019 4:24:20 下午 org.apache.coyote.AbstractProtocol init
信息: Initializing ProtocolHandler ["ajp-bio-8009"]
六月 14, 2019 4:24:20 下午 org.apache.catalina.startup.Catalina load
信息: Initialization processed in 669 ms
六月 14, 2019 4:24:20 下午 org.apache.catalina.core.StandardService startInternal
信息: Starting service Catalina
六月 14, 2019 4:24:20 下午 org.apache.catalina.core.StandardEngine startInternal
信息: Starting Servlet Engine: Apache Tomcat/7.0.73
六月 14, 2019 4:24:20 下午 org.apache.catalina.startup.HostConfig deployDirectory
信息: Deploying web application directory D:\class05\GongJu\tomcat-dubbo\webapps\docs
六月 14, 2019 4:24:21 下午 org.apache.catalina.startup.HostConfig deployDirectory
信息: Deployment of web application directory D:\class05\GongJu\tomcat-dubbo\webapps\docs has finished in 375 ms
六月 14, 2019 4:24:21 下午 org.apache.catalina.startup.HostConfig deployDirectory
信息: Deploying web application directory D:\class05\GongJu\tomcat-dubbo\webapps\examples
六月 14, 2019 4:24:21 下午 org.apache.catalina.startup.HostConfig deployDirectory
信息: Deployment of web application directory D:\class05\GongJu\tomcat-dubbo\webapps\examples has finished in 310 ms
六月 14, 2019 4:24:21 下午 org.apache.catalina.startup.HostConfig deployDirectory
信息: Deploying web application directory D:\class05\GongJu\tomcat-dubbo\webapps\host-manager
六月 14, 2019 4:24:21 下午 org.apache.catalina.startup.HostConfig deployDirectory
信息: Deployment of web application directory D:\class05\GongJu\tomcat-dubbo\webapps\host-manager has finished in 72 ms
六月 14, 2019 4:24:21 下午 org.apache.catalina.startup.HostConfig deployDirectory
信息: Deploying web application directory D:\class05\GongJu\tomcat-dubbo\webapps\manager
六月 14, 2019 4:24:21 下午 org.apache.catalina.startup.HostConfig deployDirectory
信息: Deployment of web application directory D:\class05\GongJu\tomcat-dubbo\webapps\manager has finished in 65 ms
六月 14, 2019 4:24:21 下午 org.apache.catalina.startup.HostConfig deployDirectory
信息: Deploying web application directory D:\class05\GongJu\tomcat-dubbo\webapps\ROOT
六月 14, 2019 4:24:24 下午 org.apache.catalina.startup.TldConfig execute
信息: At least one JAR was scanned for TLDs yet contained no TLDs. Enable debug logging for this logger for a complete list of JARs that were scanned but no TLDs were found in them. Skipping unneeded JARs during scanning can improve startup time and JSP compilation time.
六月 14, 2019 4:25:04 下午 org.apache.catalina.core.StandardContext startInternal
严重: One or more listeners failed to start. Full details will be found in the appropriate container log file
六月 14, 2019 4:25:04 下午 org.apache.catalina.core.StandardContext startInternal
严重: Context [] startup failed due to previous errors
六月 14, 2019 4:25:04 下午 org.apache.catalina.loader.WebappClassLoaderBase clearReferencesThreads
严重: The web application [] appears to have started a thread named [DubboRegistryFailedRetryTimer-thread-1] but has failed to stop it. This is very likely to create a memory leak.
六月 14, 2019 4:25:04 下午 org.apache.catalina.startup.HostConfig deployDirectory
信息: Deployment of web application directory D:\class05\GongJu\tomcat-dubbo\webapps\ROOT has finished in 42,921 ms
六月 14, 2019 4:25:04 下午 org.apache.coyote.AbstractProtocol start
信息: Starting ProtocolHandler ["http-bio-8090"]
六月 14, 2019 4:25:04 下午 org.apache.coyote.AbstractProtocol start
信息: Starting ProtocolHandler ["ajp-bio-8009"]
六月 14, 2019 4:25:04 下午 org.apache.catalina.startup.Catalina start
信息: Server startup in 43817 ms
六月 14, 2019 4:50:09 下午 org.apache.catalina.startup.VersionLoggerListener log
信息: Server version:        Apache Tomcat/7.0.73
六月 14, 2019 4:50:09 下午 org.apache.catalina.startup.VersionLoggerListener log
信息: Server built:          Nov 7 2016 21:27:23 UTC
六月 14, 2019 4:50:09 下午 org.apache.catalina.startup.VersionLoggerListener log
信息: Server number:         7.0.73.0
六月 14, 2019 4:50:09 下午 org.apache.catalina.startup.VersionLoggerListener log
信息: OS Name:               Windows 7
六月 14, 2019 4:50:09 下午 org.apache.catalina.startup.VersionLoggerListener log
信息: OS Version:            6.1
六月 14, 2019 4:50:09 下午 org.apache.catalina.startup.VersionLoggerListener log
信息: Architecture:          amd64
六月 14, 2019 4:50:09 下午 org.apache.catalina.startup.VersionLoggerListener log
信息: Java Home:             C:\Program Files\Java\jdk1.8.0_91\jre
六月 14, 2019 4:50:09 下午 org.apache.catalina.startup.VersionLoggerListener log
信息: JVM Version:           1.8.0_91-b15
六月 14, 2019 4:50:09 下午 org.apache.catalina.startup.VersionLoggerListener log
信息: JVM Vendor:            Oracle Corporation
六月 14, 2019 4:50:09 下午 org.apache.catalina.startup.VersionLoggerListener log
信息: CATALINA_BASE:         D:\class05\GongJu\tomcat-dubbo
六月 14, 2019 4:50:09 下午 org.apache.catalina.startup.VersionLoggerListener log
信息: CATALINA_HOME:         D:\class05\GongJu\tomcat-dubbo
六月 14, 2019 4:50:09 下午 org.apache.catalina.startup.VersionLoggerListener log
信息: Command line argument: -Djdk.tls.ephemeralDHKeySize=2048
六月 14, 2019 4:50:09 下午 org.apache.catalina.startup.VersionLoggerListener log
信息: Command line argument: -Djava.util.logging.config.file=D:\class05\GongJu\tomcat-dubbo\conf\logging.properties
六月 14, 2019 4:50:09 下午 org.apache.catalina.startup.VersionLoggerListener log
信息: Command line argument: -Djava.util.logging.manager=org.apache.juli.ClassLoaderLogManager
六月 14, 2019 4:50:09 下午 org.apache.catalina.startup.VersionLoggerListener log
信息: Command line argument: -Djava.endorsed.dirs=D:\class05\GongJu\tomcat-dubbo\endorsed
六月 14, 2019 4:50:09 下午 org.apache.catalina.startup.VersionLoggerListener log
信息: Command line argument: -Dcatalina.base=D:\class05\GongJu\tomcat-dubbo
六月 14, 2019 4:50:09 下午 org.apache.catalina.startup.VersionLoggerListener log
信息: Command line argument: -Dcatalina.home=D:\class05\GongJu\tomcat-dubbo
六月 14, 2019 4:50:09 下午 org.apache.catalina.startup.VersionLoggerListener log
信息: Command line argument: -Djava.io.tmpdir=D:\class05\GongJu\tomcat-dubbo\temp
六月 14, 2019 4:50:09 下午 org.apache.catalina.core.AprLifecycleListener lifecycleEvent
信息: The APR based Apache Tomcat Native library which allows optimal performance in production environments was not found on the java.library.path: C:\Program Files\Java\jdk1.8.0_91\bin;C:\Windows\Sun\Java\bin;C:\Windows\system32;C:\Windows;C:\Program Files\Java\jdk1.8.0_91\bin;C:\Windows\system32;C:\Windows;C:\Windows\System32\Wbem;C:\Windows\System32\WindowsPowerShell\v1.0\;C:\Program Files\MySQL\MySQL Server 5.5\bin;C:\Program Files (x86)\NVIDIA Corporation\PhysX\Common;C:\Program Files (x86)\QT Lite\QTSystem;D:\DriverGenius;D:\DriverGenius\ksoft;.
六月 14, 2019 4:50:09 下午 org.apache.coyote.AbstractProtocol init
信息: Initializing ProtocolHandler ["http-bio-8090"]
六月 14, 2019 4:50:09 下午 org.apache.coyote.AbstractProtocol init
信息: Initializing ProtocolHandler ["ajp-bio-8009"]
六月 14, 2019 4:50:09 下午 org.apache.catalina.startup.Catalina load
信息: Initialization processed in 651 ms
六月 14, 2019 4:50:10 下午 org.apache.catalina.core.StandardService startInternal
信息: Starting service Catalina
六月 14, 2019 4:50:10 下午 org.apache.catalina.core.StandardEngine startInternal
信息: Starting Servlet Engine: Apache Tomcat/7.0.73
六月 14, 2019 4:50:10 下午 org.apache.catalina.startup.HostConfig deployDirectory
信息: Deploying web application directory D:\class05\GongJu\tomcat-dubbo\webapps\docs
六月 14, 2019 4:50:10 下午 org.apache.catalina.startup.HostConfig deployDirectory
信息: Deployment of web application directory D:\class05\GongJu\tomcat-dubbo\webapps\docs has finished in 394 ms
六月 14, 2019 4:50:10 下午 org.apache.catalina.startup.HostConfig deployDirectory
信息: Deploying web application directory D:\class05\GongJu\tomcat-dubbo\webapps\examples
六月 14, 2019 4:50:10 下午 org.apache.catalina.startup.HostConfig deployDirectory
信息: Deployment of web application directory D:\class05\GongJu\tomcat-dubbo\webapps\examples has finished in 351 ms
六月 14, 2019 4:50:10 下午 org.apache.catalina.startup.HostConfig deployDirectory
信息: Deploying web application directory D:\class05\GongJu\tomcat-dubbo\webapps\host-manager
六月 14, 2019 4:50:10 下午 org.apache.catalina.startup.HostConfig deployDirectory
信息: Deployment of web application directory D:\class05\GongJu\tomcat-dubbo\webapps\host-manager has finished in 75 ms
六月 14, 2019 4:50:10 下午 org.apache.catalina.startup.HostConfig deployDirectory
信息: Deploying web application directory D:\class05\GongJu\tomcat-dubbo\webapps\manager
六月 14, 2019 4:50:10 下午 org.apache.catalina.startup.HostConfig deployDirectory
信息: Deployment of web application directory D:\class05\GongJu\tomcat-dubbo\webapps\manager has finished in 71 ms
六月 14, 2019 4:50:10 下午 org.apache.catalina.startup.HostConfig deployDirectory
信息: Deploying web application directory D:\class05\GongJu\tomcat-dubbo\webapps\ROOT
六月 14, 2019 4:51:13 下午 org.apache.catalina.startup.Catalina stopServer
严重: Could not contact localhost:8005. Tomcat may not be running.
六月 14, 2019 4:51:13 下午 org.apache.catalina.startup.Catalina stopServer
严重: Catalina.stop: 
java.net.ConnectException: Connection refused: connect
	at java.net.DualStackPlainSocketImpl.connect0(Native Method)
	at java.net.DualStackPlainSocketImpl.socketConnect(DualStackPlainSocketImpl.java:79)
	at java.net.AbstractPlainSocketImpl.doConnect(AbstractPlainSocketImpl.java:350)
	at java.net.AbstractPlainSocketImpl.connectToAddress(AbstractPlainSocketImpl.java:206)
	at java.net.AbstractPlainSocketImpl.connect(AbstractPlainSocketImpl.java:188)
	at java.net.PlainSocketImpl.connect(PlainSocketImpl.java:172)
	at java.net.SocksSocketImpl.connect(SocksSocketImpl.java:392)
	at java.net.Socket.connect(Socket.java:589)
	at java.net.Socket.connect(Socket.java:538)
	at java.net.Socket.<init>(Socket.java:434)
	at java.net.Socket.<init>(Socket.java:211)
	at org.apache.catalina.startup.Catalina.stopServer(Catalina.java:498)
	at sun.reflect.NativeMethodAccessorImpl.invoke0(Native Method)
	at sun.reflect.NativeMethodAccessorImpl.invoke(NativeMethodAccessorImpl.java:62)
	at sun.reflect.DelegatingMethodAccessorImpl.invoke(DelegatingMethodAccessorImpl.java:43)
	at java.lang.reflect.Method.invoke(Method.java:498)
	at org.apache.catalina.startup.Bootstrap.stopServer(Bootstrap.java:343)
	at org.apache.catalina.startup.Bootstrap.main(Bootstrap.java:430)

六月 14, 2019 5:38:21 下午 org.apache.catalina.startup.VersionLoggerListener log
信息: Server version:        Apache Tomcat/7.0.73
六月 14, 2019 5:38:21 下午 org.apache.catalina.startup.VersionLoggerListener log
信息: Server built:          Nov 7 2016 21:27:23 UTC
六月 14, 2019 5:38:21 下午 org.apache.catalina.startup.VersionLoggerListener log
信息: Server number:         7.0.73.0
六月 14, 2019 5:38:21 下午 org.apache.catalina.startup.VersionLoggerListener log
信息: OS Name:               Windows 7
六月 14, 2019 5:38:21 下午 org.apache.catalina.startup.VersionLoggerListener log
信息: OS Version:            6.1
六月 14, 2019 5:38:21 下午 org.apache.catalina.startup.VersionLoggerListener log
信息: Architecture:          amd64
六月 14, 2019 5:38:21 下午 org.apache.catalina.startup.VersionLoggerListener log
信息: Java Home:             C:\Program Files\Java\jdk1.8.0_91\jre
六月 14, 2019 5:38:21 下午 org.apache.catalina.startup.VersionLoggerListener log
信息: JVM Version:           1.8.0_91-b15
六月 14, 2019 5:38:21 下午 org.apache.catalina.startup.VersionLoggerListener log
信息: JVM Vendor:            Oracle Corporation
六月 14, 2019 5:38:21 下午 org.apache.catalina.startup.VersionLoggerListener log
信息: CATALINA_BASE:         D:\class05\GongJu\tomcat-dubbo
六月 14, 2019 5:38:21 下午 org.apache.catalina.startup.VersionLoggerListener log
信息: CATALINA_HOME:         D:\class05\GongJu\tomcat-dubbo
六月 14, 2019 5:38:21 下午 org.apache.catalina.startup.VersionLoggerListener log
信息: Command line argument: -Djdk.tls.ephemeralDHKeySize=2048
六月 14, 2019 5:38:21 下午 org.apache.catalina.startup.VersionLoggerListener log
信息: Command line argument: -Djava.util.logging.config.file=D:\class05\GongJu\tomcat-dubbo\conf\logging.properties
六月 14, 2019 5:38:21 下午 org.apache.catalina.startup.VersionLoggerListener log
信息: Command line argument: -Djava.util.logging.manager=org.apache.juli.ClassLoaderLogManager
六月 14, 2019 5:38:21 下午 org.apache.catalina.startup.VersionLoggerListener log
信息: Command line argument: -Djava.endorsed.dirs=D:\class05\GongJu\tomcat-dubbo\endorsed
六月 14, 2019 5:38:21 下午 org.apache.catalina.startup.VersionLoggerListener log
信息: Command line argument: -Dcatalina.base=D:\class05\GongJu\tomcat-dubbo
六月 14, 2019 5:38:21 下午 org.apache.catalina.startup.VersionLoggerListener log
信息: Command line argument: -Dcatalina.home=D:\class05\GongJu\tomcat-dubbo
六月 14, 2019 5:38:21 下午 org.apache.catalina.startup.VersionLoggerListener log
信息: Command line argument: -Djava.io.tmpdir=D:\class05\GongJu\tomcat-dubbo\temp
六月 14, 2019 5:38:21 下午 org.apache.catalina.core.AprLifecycleListener lifecycleEvent
信息: The APR based Apache Tomcat Native library which allows optimal performance in production environments was not found on the java.library.path: C:\Program Files\Java\jdk1.8.0_91\bin;C:\Windows\Sun\Java\bin;C:\Windows\system32;C:\Windows;C:\Program Files\Java\jdk1.8.0_91\bin;C:\Windows\system32;C:\Windows;C:\Windows\System32\Wbem;C:\Windows\System32\WindowsPowerShell\v1.0\;C:\Program Files\MySQL\MySQL Server 5.5\bin;C:\Program Files (x86)\NVIDIA Corporation\PhysX\Common;C:\Program Files (x86)\QT Lite\QTSystem;D:\DriverGenius;D:\DriverGenius\ksoft;.
六月 14, 2019 5:38:21 下午 org.apache.coyote.AbstractProtocol init
信息: Initializing ProtocolHandler ["http-bio-8090"]
六月 14, 2019 5:38:21 下午 org.apache.coyote.AbstractProtocol init
信息: Initializing ProtocolHandler ["ajp-bio-8009"]
六月 14, 2019 5:38:21 下午 org.apache.catalina.startup.Catalina load
信息: Initialization processed in 850 ms
六月 14, 2019 5:38:21 下午 org.apache.catalina.core.StandardService startInternal
信息: Starting service Catalina
六月 14, 2019 5:38:21 下午 org.apache.catalina.core.StandardEngine startInternal
信息: Starting Servlet Engine: Apache Tomcat/7.0.73
六月 14, 2019 5:38:21 下午 org.apache.catalina.startup.HostConfig deployDirectory
信息: Deploying web application directory D:\class05\GongJu\tomcat-dubbo\webapps\docs
六月 14, 2019 5:38:21 下午 org.apache.catalina.startup.HostConfig deployDirectory
信息: Deployment of web application directory D:\class05\GongJu\tomcat-dubbo\webapps\docs has finished in 423 ms
六月 14, 2019 5:38:21 下午 org.apache.catalina.startup.HostConfig deployDirectory
信息: Deploying web application directory D:\class05\GongJu\tomcat-dubbo\webapps\examples
六月 14, 2019 5:38:22 下午 org.apache.catalina.startup.HostConfig deployDirectory
信息: Deployment of web application directory D:\class05\GongJu\tomcat-dubbo\webapps\examples has finished in 443 ms
六月 14, 2019 5:38:22 下午 org.apache.catalina.startup.HostConfig deployDirectory
信息: Deploying web application directory D:\class05\GongJu\tomcat-dubbo\webapps\host-manager
六月 14, 2019 5:38:22 下午 org.apache.catalina.startup.HostConfig deployDirectory
信息: Deployment of web application directory D:\class05\GongJu\tomcat-dubbo\webapps\host-manager has finished in 106 ms
六月 14, 2019 5:38:22 下午 org.apache.catalina.startup.HostConfig deployDirectory
信息: Deploying web application directory D:\class05\GongJu\tomcat-dubbo\webapps\manager
六月 14, 2019 5:38:22 下午 org.apache.catalina.startup.HostConfig deployDirectory
信息: Deployment of web application directory D:\class05\GongJu\tomcat-dubbo\webapps\manager has finished in 155 ms
六月 14, 2019 5:38:22 下午 org.apache.catalina.startup.HostConfig deployDirectory
信息: Deploying web application directory D:\class05\GongJu\tomcat-dubbo\webapps\ROOT
六月 14, 2019 5:38:47 下午 org.apache.catalina.startup.TldConfig execute
信息: At least one JAR was scanned for TLDs yet contained no TLDs. Enable debug logging for this logger for a complete list of JARs that were scanned but no TLDs were found in them. Skipping unneeded JARs during scanning can improve startup time and JSP compilation time.
六月 14, 2019 5:39:39 下午 org.apache.catalina.core.StandardContext startInternal
严重: One or more listeners failed to start. Full details will be found in the appropriate container log file
六月 14, 2019 5:39:39 下午 org.apache.catalina.core.StandardContext startInternal
严重: Context [] startup failed due to previous errors
六月 14, 2019 5:39:39 下午 org.apache.catalina.loader.WebappClassLoaderBase clearReferencesThreads
严重: The web application [] appears to have started a thread named [DubboRegistryFailedRetryTimer-thread-1] but has failed to stop it. This is very likely to create a memory leak.
六月 14, 2019 5:39:39 下午 org.apache.catalina.startup.HostConfig deployDirectory
信息: Deployment of web application directory D:\class05\GongJu\tomcat-dubbo\webapps\ROOT has finished in 77,329 ms
六月 14, 2019 5:39:39 下午 org.apache.coyote.AbstractProtocol start
信息: Starting ProtocolHandler ["http-bio-8090"]
六月 14, 2019 5:39:40 下午 org.apache.coyote.AbstractProtocol start
信息: Starting ProtocolHandler ["ajp-bio-8009"]
六月 14, 2019 5:39:40 下午 org.apache.catalina.startup.Catalina start
信息: Server startup in 78620 ms
六月 14, 2019 5:57:57 下午 org.apache.catalina.startup.VersionLoggerListener log
信息: Server version:        Apache Tomcat/7.0.73
六月 14, 2019 5:57:57 下午 org.apache.catalina.startup.VersionLoggerListener log
信息: Server built:          Nov 7 2016 21:27:23 UTC
六月 14, 2019 5:57:57 下午 org.apache.catalina.startup.VersionLoggerListener log
信息: Server number:         7.0.73.0
六月 14, 2019 5:57:57 下午 org.apache.catalina.startup.VersionLoggerListener log
信息: OS Name:               Windows 7
六月 14, 2019 5:57:57 下午 org.apache.catalina.startup.VersionLoggerListener log
信息: OS Version:            6.1
六月 14, 2019 5:57:57 下午 org.apache.catalina.startup.VersionLoggerListener log
信息: Architecture:          amd64
六月 14, 2019 5:57:57 下午 org.apache.catalina.startup.VersionLoggerListener log
信息: Java Home:             C:\Program Files\Java\jdk1.8.0_91\jre
六月 14, 2019 5:57:57 下午 org.apache.catalina.startup.VersionLoggerListener log
信息: JVM Version:           1.8.0_91-b15
六月 14, 2019 5:57:57 下午 org.apache.catalina.startup.VersionLoggerListener log
信息: JVM Vendor:            Oracle Corporation
六月 14, 2019 5:57:57 下午 org.apache.catalina.startup.VersionLoggerListener log
信息: CATALINA_BASE:         D:\class05\GongJu\tomcat-dubbo
六月 14, 2019 5:57:57 下午 org.apache.catalina.startup.VersionLoggerListener log
信息: CATALINA_HOME:         D:\class05\GongJu\tomcat-dubbo
六月 14, 2019 5:57:57 下午 org.apache.catalina.startup.VersionLoggerListener log
信息: Command line argument: -Djdk.tls.ephemeralDHKeySize=2048
六月 14, 2019 5:57:57 下午 org.apache.catalina.startup.VersionLoggerListener log
信息: Command line argument: -Djava.util.logging.config.file=D:\class05\GongJu\tomcat-dubbo\conf\logging.properties
六月 14, 2019 5:57:57 下午 org.apache.catalina.startup.VersionLoggerListener log
信息: Command line argument: -Djava.util.logging.manager=org.apache.juli.ClassLoaderLogManager
六月 14, 2019 5:57:57 下午 org.apache.catalina.startup.VersionLoggerListener log
信息: Command line argument: -Djava.endorsed.dirs=D:\class05\GongJu\tomcat-dubbo\endorsed
六月 14, 2019 5:57:57 下午 org.apache.catalina.startup.VersionLoggerListener log
信息: Command line argument: -Dcatalina.base=D:\class05\GongJu\tomcat-dubbo
六月 14, 2019 5:57:57 下午 org.apache.catalina.startup.VersionLoggerListener log
信息: Command line argument: -Dcatalina.home=D:\class05\GongJu\tomcat-dubbo
六月 14, 2019 5:57:57 下午 org.apache.catalina.startup.VersionLoggerListener log
信息: Command line argument: -Djava.io.tmpdir=D:\class05\GongJu\tomcat-dubbo\temp
六月 14, 2019 5:57:57 下午 org.apache.catalina.core.AprLifecycleListener lifecycleEvent
信息: The APR based Apache Tomcat Native library which allows optimal performance in production environments was not found on the java.library.path: C:\Program Files\Java\jdk1.8.0_91\bin;C:\Windows\Sun\Java\bin;C:\Windows\system32;C:\Windows;C:\Program Files\Java\jdk1.8.0_91\bin;C:\Windows\system32;C:\Windows;C:\Windows\System32\Wbem;C:\Windows\System32\WindowsPowerShell\v1.0\;C:\Program Files\MySQL\MySQL Server 5.5\bin;C:\Program Files (x86)\NVIDIA Corporation\PhysX\Common;C:\Program Files (x86)\QT Lite\QTSystem;.
六月 14, 2019 5:57:57 下午 org.apache.coyote.AbstractProtocol init
信息: Initializing ProtocolHandler ["http-bio-8090"]
六月 14, 2019 5:57:57 下午 org.apache.coyote.AbstractProtocol init
信息: Initializing ProtocolHandler ["ajp-bio-8009"]
六月 14, 2019 5:57:57 下午 org.apache.catalina.startup.Catalina load
信息: Initialization processed in 680 ms
六月 14, 2019 5:57:57 下午 org.apache.catalina.core.StandardService startInternal
信息: Starting service Catalina
六月 14, 2019 5:57:57 下午 org.apache.catalina.core.StandardEngine startInternal
信息: Starting Servlet Engine: Apache Tomcat/7.0.73
六月 14, 2019 5:57:57 下午 org.apache.catalina.startup.HostConfig deployDirectory
信息: Deploying web application directory D:\class05\GongJu\tomcat-dubbo\webapps\docs
六月 14, 2019 5:57:57 下午 org.apache.catalina.startup.HostConfig deployDirectory
信息: Deployment of web application directory D:\class05\GongJu\tomcat-dubbo\webapps\docs has finished in 380 ms
六月 14, 2019 5:57:57 下午 org.apache.catalina.startup.HostConfig deployDirectory
信息: Deploying web application directory D:\class05\GongJu\tomcat-dubbo\webapps\examples
六月 14, 2019 5:57:58 下午 org.apache.catalina.startup.HostConfig deployDirectory
信息: Deployment of web application directory D:\class05\GongJu\tomcat-dubbo\webapps\examples has finished in 360 ms
六月 14, 2019 5:57:58 下午 org.apache.catalina.startup.HostConfig deployDirectory
信息: Deploying web application directory D:\class05\GongJu\tomcat-dubbo\webapps\host-manager
六月 14, 2019 5:57:58 下午 org.apache.catalina.startup.HostConfig deployDirectory
信息: Deployment of web application directory D:\class05\GongJu\tomcat-dubbo\webapps\host-manager has finished in 75 ms
六月 14, 2019 5:57:58 下午 org.apache.catalina.startup.HostConfig deployDirectory
信息: Deploying web application directory D:\class05\GongJu\tomcat-dubbo\webapps\manager
六月 14, 2019 5:57:58 下午 org.apache.catalina.startup.HostConfig deployDirectory
信息: Deployment of web application directory D:\class05\GongJu\tomcat-dubbo\webapps\manager has finished in 80 ms
六月 14, 2019 5:57:58 下午 org.apache.catalina.startup.HostConfig deployDirectory
信息: Deploying web application directory D:\class05\GongJu\tomcat-dubbo\webapps\ROOT
六月 14, 2019 5:58:02 下午 org.apache.catalina.startup.TldConfig execute
信息: At least one JAR was scanned for TLDs yet contained no TLDs. Enable debug logging for this logger for a complete list of JARs that were scanned but no TLDs were found in them. Skipping unneeded JARs during scanning can improve startup time and JSP compilation time.
六月 14, 2019 5:58:32 下午 org.apache.catalina.startup.HostConfig deployDirectory
信息: Deployment of web application directory D:\class05\GongJu\tomcat-dubbo\webapps\ROOT has finished in 34,112 ms
六月 14, 2019 5:58:32 下午 org.apache.coyote.AbstractProtocol start
信息: Starting ProtocolHandler ["http-bio-8090"]
六月 14, 2019 5:58:32 下午 org.apache.coyote.AbstractProtocol start
信息: Starting ProtocolHandler ["ajp-bio-8009"]
六月 14, 2019 5:58:32 下午 org.apache.catalina.startup.Catalina start
信息: Server startup in 35084 ms
