六月 17, 2019 9:22:24 上午 org.apache.catalina.startup.VersionLoggerListener log
信息: Server version:        Apache Tomcat/7.0.73
六月 17, 2019 9:22:24 上午 org.apache.catalina.startup.VersionLoggerListener log
信息: Server built:          Nov 7 2016 21:27:23 UTC
六月 17, 2019 9:22:24 上午 org.apache.catalina.startup.VersionLoggerListener log
信息: Server number:         7.0.73.0
六月 17, 2019 9:22:24 上午 org.apache.catalina.startup.VersionLoggerListener log
信息: OS Name:               Windows 7
六月 17, 2019 9:22:24 上午 org.apache.catalina.startup.VersionLoggerListener log
信息: OS Version:            6.1
六月 17, 2019 9:22:24 上午 org.apache.catalina.startup.VersionLoggerListener log
信息: Architecture:          amd64
六月 17, 2019 9:22:24 上午 org.apache.catalina.startup.VersionLoggerListener log
信息: Java Home:             C:\Program Files\Java\jdk1.8.0_91\jre
六月 17, 2019 9:22:24 上午 org.apache.catalina.startup.VersionLoggerListener log
信息: JVM Version:           1.8.0_91-b15
六月 17, 2019 9:22:24 上午 org.apache.catalina.startup.VersionLoggerListener log
信息: JVM Vendor:            Oracle Corporation
六月 17, 2019 9:22:24 上午 org.apache.catalina.startup.VersionLoggerListener log
信息: CATALINA_BASE:         D:\class05\GongJu\tomcat-dubbo
六月 17, 2019 9:22:24 上午 org.apache.catalina.startup.VersionLoggerListener log
信息: CATALINA_HOME:         D:\class05\GongJu\tomcat-dubbo
六月 17, 2019 9:22:24 上午 org.apache.catalina.startup.VersionLoggerListener log
信息: Command line argument: -Djdk.tls.ephemeralDHKeySize=2048
六月 17, 2019 9:22:24 上午 org.apache.catalina.startup.VersionLoggerListener log
信息: Command line argument: -Djava.util.logging.config.file=D:\class05\GongJu\tomcat-dubbo\conf\logging.properties
六月 17, 2019 9:22:24 上午 org.apache.catalina.startup.VersionLoggerListener log
信息: Command line argument: -Djava.util.logging.manager=org.apache.juli.ClassLoaderLogManager
六月 17, 2019 9:22:24 上午 org.apache.catalina.startup.VersionLoggerListener log
信息: Command line argument: -Djava.endorsed.dirs=D:\class05\GongJu\tomcat-dubbo\endorsed
六月 17, 2019 9:22:24 上午 org.apache.catalina.startup.VersionLoggerListener log
信息: Command line argument: -Dcatalina.base=D:\class05\GongJu\tomcat-dubbo
六月 17, 2019 9:22:24 上午 org.apache.catalina.startup.VersionLoggerListener log
信息: Command line argument: -Dcatalina.home=D:\class05\GongJu\tomcat-dubbo
六月 17, 2019 9:22:24 上午 org.apache.catalina.startup.VersionLoggerListener log
信息: Command line argument: -Djava.io.tmpdir=D:\class05\GongJu\tomcat-dubbo\temp
六月 17, 2019 9:22:24 上午 org.apache.catalina.core.AprLifecycleListener lifecycleEvent
信息: The APR based Apache Tomcat Native library which allows optimal performance in production environments was not found on the java.library.path: C:\Program Files\Java\jdk1.8.0_91\bin;C:\Windows\Sun\Java\bin;C:\Windows\system32;C:\Windows;C:\Program Files\Java\jdk1.8.0_91\bin;C:\Windows\system32;C:\Windows;C:\Windows\System32\Wbem;C:\Windows\System32\WindowsPowerShell\v1.0\;C:\Program Files\MySQL\MySQL Server 5.5\bin;C:\Program Files (x86)\NVIDIA Corporation\PhysX\Common;C:\Program Files (x86)\QT Lite\QTSystem;D:\DriverGenius;D:\DriverGenius\ksoft;.
六月 17, 2019 9:22:25 上午 org.apache.coyote.AbstractProtocol init
信息: Initializing ProtocolHandler ["http-bio-8090"]
六月 17, 2019 9:22:25 上午 org.apache.coyote.AbstractProtocol init
信息: Initializing ProtocolHandler ["ajp-bio-8009"]
六月 17, 2019 9:22:25 上午 org.apache.catalina.startup.Catalina load
信息: Initialization processed in 1635 ms
六月 17, 2019 9:22:25 上午 org.apache.catalina.core.StandardService startInternal
信息: Starting service Catalina
六月 17, 2019 9:22:25 上午 org.apache.catalina.core.StandardEngine startInternal
信息: Starting Servlet Engine: Apache Tomcat/7.0.73
六月 17, 2019 9:22:25 上午 org.apache.catalina.startup.HostConfig deployDirectory
信息: Deploying web application directory D:\class05\GongJu\tomcat-dubbo\webapps\docs
六月 17, 2019 9:22:25 上午 org.apache.catalina.startup.HostConfig deployDirectory
信息: Deployment of web application directory D:\class05\GongJu\tomcat-dubbo\webapps\docs has finished in 468 ms
六月 17, 2019 9:22:25 上午 org.apache.catalina.startup.HostConfig deployDirectory
信息: Deploying web application directory D:\class05\GongJu\tomcat-dubbo\webapps\examples
六月 17, 2019 9:22:26 上午 org.apache.catalina.startup.HostConfig deployDirectory
信息: Deployment of web application directory D:\class05\GongJu\tomcat-dubbo\webapps\examples has finished in 359 ms
六月 17, 2019 9:22:26 上午 org.apache.catalina.startup.HostConfig deployDirectory
信息: Deploying web application directory D:\class05\GongJu\tomcat-dubbo\webapps\host-manager
六月 17, 2019 9:22:26 上午 org.apache.catalina.startup.HostConfig deployDirectory
信息: Deployment of web application directory D:\class05\GongJu\tomcat-dubbo\webapps\host-manager has finished in 78 ms
六月 17, 2019 9:22:26 上午 org.apache.catalina.startup.HostConfig deployDirectory
信息: Deploying web application directory D:\class05\GongJu\tomcat-dubbo\webapps\manager
六月 17, 2019 9:22:26 上午 org.apache.catalina.startup.HostConfig deployDirectory
信息: Deployment of web application directory D:\class05\GongJu\tomcat-dubbo\webapps\manager has finished in 62 ms
六月 17, 2019 9:22:26 上午 org.apache.catalina.startup.HostConfig deployDirectory
信息: Deploying web application directory D:\class05\GongJu\tomcat-dubbo\webapps\ROOT
六月 17, 2019 9:22:32 上午 org.apache.catalina.startup.TldConfig execute
信息: At least one JAR was scanned for TLDs yet contained no TLDs. Enable debug logging for this logger for a complete list of JARs that were scanned but no TLDs were found in them. Skipping unneeded JARs during scanning can improve startup time and JSP compilation time.
六月 17, 2019 9:22:58 上午 org.apache.catalina.startup.HostConfig deployDirectory
信息: Deployment of web application directory D:\class05\GongJu\tomcat-dubbo\webapps\ROOT has finished in 31,692 ms
六月 17, 2019 9:22:58 上午 org.apache.coyote.AbstractProtocol start
信息: Starting ProtocolHandler ["http-bio-8090"]
六月 17, 2019 9:22:58 上午 org.apache.coyote.AbstractProtocol start
信息: Starting ProtocolHandler ["ajp-bio-8009"]
六月 17, 2019 9:22:58 上午 org.apache.catalina.startup.Catalina start
信息: Server startup in 32823 ms
