六月 17, 2019 9:22:26 上午 org.apache.catalina.core.ApplicationContext log
信息: ContextListener: contextInitialized()
六月 17, 2019 9:22:26 上午 org.apache.catalina.core.ApplicationContext log
信息: SessionListener: contextInitialized()
六月 17, 2019 9:22:26 上午 org.apache.catalina.core.ApplicationContext log
信息: ContextListener: attributeAdded('org.apache.jasper.compiler.TldLocationsCache', 'org.apache.jasper.compiler.TldLocationsCache@5a8265f7')
六月 17, 2019 9:22:32 上午 org.apache.catalina.core.ApplicationContext log
信息: No Spring WebApplicationInitializer types detected on classpath
六月 17, 2019 9:22:32 上午 org.apache.catalina.core.ApplicationContext log
信息: Initializing log4j system
六月 17, 2019 9:22:33 上午 org.apache.catalina.core.ApplicationContext log
信息: Initializing Spring root WebApplicationContext
六月 17, 2019 9:22:48 上午 org.apache.catalina.core.ApplicationContext log
信息: Initializing Spring sub WebApplicationContext: sysmanage
六月 17, 2019 9:22:51 上午 org.apache.catalina.core.ApplicationContext log
信息: Initializing Spring sub WebApplicationContext: sysinfo
六月 17, 2019 9:22:53 上午 org.apache.catalina.core.ApplicationContext log
信息: Initializing Spring sub WebApplicationContext: personal
六月 17, 2019 9:22:54 上午 org.apache.catalina.core.ApplicationContext log
信息: Initializing Spring sub WebApplicationContext: governance
六月 17, 2019 9:22:56 上午 org.apache.catalina.core.ApplicationContext log
信息: Initializing Spring sub WebApplicationContext: home
六月 17, 2019 9:22:58 上午 org.apache.catalina.core.ApplicationContext log
信息: WebxComponents: initialization completed
六月 17, 2019 9:22:58 上午 org.apache.catalina.core.ApplicationContext log
信息: Initializing filter: webx
六月 17, 2019 9:22:58 上午 org.apache.catalina.core.ApplicationContext log
信息: WebxFrameworkFilter - webx: initialization completed
六月 17, 2019 9:22:58 上午 org.apache.catalina.core.ApplicationContext log
信息: Initializing filter: mdc
六月 17, 2019 9:22:58 上午 org.apache.catalina.core.ApplicationContext log
信息: SetLoggingContextFilter - mdc: initialization completed
